<?xml version="1.0" encoding="UTF-8"?>
<testng-results skipped="0" failed="0" ignored="0" total="1" passed="1">
  <reporter-output>
  </reporter-output>
  <suite name="Default suite" duration-ms="6933" started-at="2021-06-03T09:47:14Z" finished-at="2021-06-03T09:47:21Z">
    <groups>
    </groups>
    <test name="Default test" duration-ms="6933" started-at="2021-06-03T09:47:14Z" finished-at="2021-06-03T09:47:21Z">
      <class name="cet.Cet">
        <test-method status="PASS" signature="beforeClass()[pri:0, instance:cet.Cet@544fe44c]" name="beforeClass" is-config="true" duration-ms="3760" started-at="2021-06-03T15:17:14Z" finished-at="2021-06-03T15:17:17Z">
          <reporter-output>
          </reporter-output>
        </test-method> <!-- beforeClass -->
        <test-method status="PASS" signature="beforeMethod()[pri:0, instance:cet.Cet@544fe44c]" name="beforeMethod" is-config="true" duration-ms="1012" started-at="2021-06-03T15:17:18Z" finished-at="2021-06-03T15:17:19Z">
          <reporter-output>
          </reporter-output>
        </test-method> <!-- beforeMethod -->
        <test-method status="PASS" signature="f()[pri:0, instance:cet.Cet@544fe44c]" name="f" duration-ms="1797" started-at="2021-06-03T15:17:19Z" finished-at="2021-06-03T15:17:20Z">
          <reporter-output>
          </reporter-output>
        </test-method> <!-- f -->
        <test-method status="PASS" signature="afterMethod()[pri:0, instance:cet.Cet@544fe44c]" name="afterMethod" is-config="true" duration-ms="235" started-at="2021-06-03T15:17:20Z" finished-at="2021-06-03T15:17:21Z">
          <reporter-output>
          </reporter-output>
        </test-method> <!-- afterMethod -->
        <test-method status="PASS" signature="afterClass()[pri:0, instance:cet.Cet@544fe44c]" name="afterClass" is-config="true" duration-ms="116" started-at="2021-06-03T15:17:21Z" finished-at="2021-06-03T15:17:21Z">
          <reporter-output>
          </reporter-output>
        </test-method> <!-- afterClass -->
      </class> <!-- cet.Cet -->
    </test> <!-- Default test -->
  </suite> <!-- Default suite -->
</testng-results>
